{"uuid":"1e24b61a-8151-4b0b-b609-76a7b8f678f6","name":"Escenario: Login with valid credentials","children":["bbf174b6-eb35-4994-b706-3c7c5e264800"],"befores":[{"name":"com.everis.ct.web.hooks.Hooks.setUp()","status":"broken","statusDetails":{"known":false,"muted":false,"flaky":false,"message":"BEFORE is failed: Could not start a new session. Response code 500. Message: unknown error: Chrome failed to start: exited abnormally.\n  (unknown error: DevToolsActivePort file doesn't exist)\n  (The process started from chrome location /usr/bin/google-chrome is no longer running, so ChromeDriver is assuming that Chrome has crashed.) \nHost info: host: 'auto-VirtualBox', ip: '127.0.1.1'\nBuild info: version: '4.8.0', revision: '267030adea'\nSystem info: os.name: 'Linux', os.arch: 'amd64', os.version: '5.19.0-46-generic', java.version: '11.0.19'\nDriver info: org.openqa.selenium.chrome.ChromeDriver\nCommand: [null, newSession {capabilities=[Capabilities {acceptInsecureCerts: false, browserName: chrome, goog:chromeOptions: {args: [--remote-allow-origins=*], extensions: []}}], desiredCapabilities=Capabilities {acceptInsecureCerts: false, browserName: chrome, goog:chromeOptions: {args: [--remote-allow-origins=*], extensions: []}}}]","trace":"org.openqa.selenium.SessionNotCreatedException: Could not start a new session. Response code 500. Message: unknown error: Chrome failed to start: exited abnormally.\n  (unknown error: DevToolsActivePort file doesn't exist)\n  (The process started from chrome location /usr/bin/google-chrome is no longer running, so ChromeDriver is assuming that Chrome has crashed.) \nHost info: host: 'auto-VirtualBox', ip: '127.0.1.1'\nBuild info: version: '4.8.0', revision: '267030adea'\nSystem info: os.name: 'Linux', os.arch: 'amd64', os.version: '5.19.0-46-generic', java.version: '11.0.19'\nDriver info: org.openqa.selenium.chrome.ChromeDriver\nCommand: [null, newSession {capabilities=[Capabilities {acceptInsecureCerts: false, browserName: chrome, goog:chromeOptions: {args: [--remote-allow-origins=*], extensions: []}}], desiredCapabilities=Capabilities {acceptInsecureCerts: false, browserName: chrome, goog:chromeOptions: {args: [--remote-allow-origins=*], extensions: []}}}]\n\tat org.openqa.selenium.remote.ProtocolHandshake.createSession(ProtocolHandshake.java:148)\n\tat org.openqa.selenium.remote.ProtocolHandshake.createSession(ProtocolHandshake.java:106)\n\tat org.openqa.selenium.remote.ProtocolHandshake.createSession(ProtocolHandshake.java:67)\n\tat org.openqa.selenium.remote.HttpCommandExecutor.execute(HttpCommandExecutor.java:156)\n\tat org.openqa.selenium.remote.service.DriverCommandExecutor.invokeExecute(DriverCommandExecutor.java:167)\n\tat org.openqa.selenium.remote.service.DriverCommandExecutor.execute(DriverCommandExecutor.java:142)\n\tat org.openqa.selenium.remote.RemoteWebDriver.execute(RemoteWebDriver.java:543)\n\tat org.openqa.selenium.remote.RemoteWebDriver.startSession(RemoteWebDriver.java:229)\n\tat org.openqa.selenium.remote.RemoteWebDriver.<init>(RemoteWebDriver.java:157)\n\tat org.openqa.selenium.chromium.ChromiumDriver.<init>(ChromiumDriver.java:101)\n\tat org.openqa.selenium.chrome.ChromeDriver.<init>(ChromeDriver.java:82)\n\tat org.openqa.selenium.chrome.ChromeDriver.<init>(ChromeDriver.java:71)\n\tat com.everis.ct.web.lib.SetDriver.configChromeDriver(SetDriver.java:62)\n\tat com.everis.ct.web.lib.WebDriverManager.setUpDriver(WebDriverManager.java:53)\n\tat com.everis.ct.web.hooks.Hooks.setUp(Hooks.java:28)\n"},"stage":"finished","steps":[],"attachments":[],"parameters":[],"start":1688684391670,"stop":1688684393489},{"name":"com.everis.ct.web.hooks.Hooks.handleScenario(io.cucumber.java.Scenario)","status":"passed","stage":"finished","steps":[],"attachments":[],"parameters":[],"start":1688684393492,"stop":1688684393492}],"afters":[{"name":"com.everis.ct.web.hooks.Hooks.tearDown()","status":"broken","statusDetails":{"known":false,"muted":false,"flaky":false,"message":"AFTER is failed: WebDriver dosen't exist. Please, check the application properties file.","trace":"java.lang.IllegalArgumentException: WebDriver dosen't exist. Please, check the application properties file.\n\tat com.everis.ct.web.service.stepdefinition.ManageScenario.printFullView(ManageScenario.java:31)\n\tat com.everis.ct.web.service.stepdefinition.ManageScenario.shotWhenFail(ManageScenario.java:38)\n\tat com.everis.ct.web.hooks.Hooks.tearDown(Hooks.java:43)\n"},"stage":"finished","steps":[],"attachments":[],"parameters":[],"start":1688684393525,"stop":1688684393529},{"name":"com.everis.ct.web.hooks.Hooks.afterScenario()","status":"passed","stage":"finished","steps":[],"attachments":[],"parameters":[],"start":1688684393529,"stop":1688684393533}],"start":1688684391662,"stop":1688684393543}