{"uuid":"257a37dd-b672-4645-9262-4da250861171","name":"Escenario: Login with valid credentials","children":["6e5398f9-c3c4-40a5-8fee-ed4c71bae622"],"befores":[{"name":"com.everis.ct.web.hooks.Hooks.setUp()","status":"broken","statusDetails":{"known":false,"muted":false,"flaky":false,"message":"BEFORE is failed: The driver executable must exist: /home/auto/Documentos/sym/C:\\Chrome_Driver\\chromedriver.exe","trace":"java.lang.IllegalStateException: The driver executable must exist: /home/auto/Documentos/sym/C:\\Chrome_Driver\\chromedriver.exe\n\tat org.openqa.selenium.internal.Require$FileStateChecker.isFile(Require.java:345)\n\tat org.openqa.selenium.remote.service.DriverService.checkExecutable(DriverService.java:161)\n\tat org.openqa.selenium.remote.service.DriverService.findExecutable(DriverService.java:156)\n\tat org.openqa.selenium.chrome.ChromeDriverService.access$000(ChromeDriverService.java:42)\n\tat org.openqa.selenium.chrome.ChromeDriverService$Builder.findDefaultExecutable(ChromeDriverService.java:315)\n\tat org.openqa.selenium.remote.service.DriverService$Builder.build(DriverService.java:456)\n\tat org.openqa.selenium.chrome.ChromeDriverService.createServiceWithConfig(ChromeDriverService.java:165)\n\tat org.openqa.selenium.chrome.ChromeDriver.<init>(ChromeDriver.java:71)\n\tat com.everis.ct.web.lib.SetDriver.configChromeDriver(SetDriver.java:62)\n\tat com.everis.ct.web.lib.WebDriverManager.setUpDriver(WebDriverManager.java:53)\n\tat com.everis.ct.web.hooks.Hooks.setUp(Hooks.java:28)\n"},"stage":"finished","steps":[],"attachments":[],"parameters":[],"start":1688136521151,"stop":1688136521356},{"name":"com.everis.ct.web.hooks.Hooks.handleScenario(io.cucumber.java.Scenario)","status":"passed","stage":"finished","steps":[],"attachments":[],"parameters":[],"start":1688136521365,"stop":1688136521365}],"afters":[{"name":"com.everis.ct.web.hooks.Hooks.tearDown()","status":"broken","statusDetails":{"known":false,"muted":false,"flaky":false,"message":"AFTER is failed: WebDriver dosen't exist. Please, check the application properties file.","trace":"java.lang.IllegalArgumentException: WebDriver dosen't exist. Please, check the application properties file.\n\tat com.everis.ct.web.service.stepdefinition.ManageScenario.printFullView(ManageScenario.java:31)\n\tat com.everis.ct.web.service.stepdefinition.ManageScenario.shotWhenFail(ManageScenario.java:38)\n\tat com.everis.ct.web.hooks.Hooks.tearDown(Hooks.java:43)\n"},"stage":"finished","steps":[],"attachments":[],"parameters":[],"start":1688136521418,"stop":1688136521438},{"name":"com.everis.ct.web.hooks.Hooks.afterScenario()","status":"passed","stage":"finished","steps":[],"attachments":[],"parameters":[],"start":1688136521438,"stop":1688136521439}],"start":1688136521136,"stop":1688136521463}